<?xml version="1.0" encoding="UTF-8"?>
<testng-results ignored="0" total="1" passed="1" failed="0" skipped="0">
  <reporter-output>
  </reporter-output>
  <suite started-at="2022-06-09T19:40:57 IST" name="Default suite" finished-at="2022-06-09T19:41:07 IST" duration-ms="9806">
    <groups>
    </groups>
    <test started-at="2022-06-09T19:40:57 IST" name="Default test" finished-at="2022-06-09T19:41:07 IST" duration-ms="9806">
      <class name="orgg.nextrics.com.Fblogine">
        <test-method signature="fbLogin()[pri:0, instance:orgg.nextrics.com.Fblogine@611889f4]" started-at="2022-06-09T19:40:57 IST" name="fbLogin" finished-at="2022-06-09T19:41:07 IST" duration-ms="9767" status="PASS">
          <reporter-output>
          </reporter-output>
        </test-method> <!-- fbLogin -->
      </class> <!-- orgg.nextrics.com.Fblogine -->
    </test> <!-- Default test -->
  </suite> <!-- Default suite -->
</testng-results>
